<?xml version="1.0" encoding="UTF-8"?>
<!-- Generated by org.testng.reporters.JUnitReportReporter -->
<testsuite skipped="0" hostname="Revolutions-Mac-Georgy.local" name="tests.testPackage1.SecondSerenityTest" tests="2" failures="0" timestamp="15 Aug 2018 00:18:06 GMT" time="1.180" errors="0">
  <testcase name="getAll2TestDemo" time="0.358" classname="tests.testPackage1.SecondSerenityTest"/>
  <testcase name="getAll1Test" time="0.822" classname="tests.testPackage1.SecondSerenityTest"/>
</testsuite> <!-- tests.testPackage1.SecondSerenityTest -->
