<?xml version="1.0" encoding="UTF-8"?>
<!-- Generated by org.testng.reporters.JUnitReportReporter -->
<testsuite skipped="0" hostname="Revolutions-Mac-Georgy.local" name="tests.testPackage2.FirstSerenityTest" tests="2" failures="0" timestamp="15 Aug 2018 00:18:06 GMT" time="1.140" errors="0">
  <testcase name="getAll2Test" time="0.797" classname="tests.testPackage2.FirstSerenityTest"/>
  <testcase name="getAll1Test" time="0.343" classname="tests.testPackage2.FirstSerenityTest"/>
</testsuite> <!-- tests.testPackage2.FirstSerenityTest -->
